TN:
SF:src/NativeBearoundReactSdk.ts
FNF:0
FNH:0
LF:0
LH:0
BRF:0
BRH:0
end_of_record
TN:
SF:src/index.tsx
FN:81,initialize
FN:126,stop
FNF:2
FNH:0
FNDA:0,initialize
FNDA:0,stop
DA:31,1
DA:82,0
DA:127,0
LF:3
LH:1
BRDA:81,0,0,0
BRF:1
BRH:0
end_of_record
TN:
SF:src/permissions.ts
FN:55,(anonymous_0)
FN:81,checkPermissions
FN:155,requestForegroundPermissions
FN:158,(anonymous_3)
FN:248,requestBackgroundLocation
FN:302,ensurePermissions
FNF:6
FNH:6
FNDA:95,(anonymous_0)
FNDA:19,checkPermissions
FNDA:5,requestForegroundPermissions
FNDA:15,(anonymous_3)
FNDA:4,requestBackgroundLocation
FNDA:5,ensurePermissions
DA:47,1
DA:48,1
DA:55,1
DA:56,95
DA:82,19
DA:83,0
DA:92,19
DA:95,19
DA:98,19
DA:101,19
DA:106,19
DA:111,19
DA:116,19
DA:120,19
DA:156,5
DA:158,5
DA:159,15
DA:165,15
DA:168,5
DA:174,5
DA:175,5
DA:176,0
DA:184,5
DA:193,5
DA:202,5
DA:210,5
DA:211,5
DA:249,4
DA:251,4
DA:252,4
DA:253,0
DA:256,4
DA:267,4
DA:268,0
DA:271,4
DA:303,5
DA:304,5
DA:305,4
DA:307,5
LF:39
LH:35
BRDA:48,0,0,1
BRDA:48,0,1,0
BRDA:56,1,0,95
BRDA:56,1,1,0
BRDA:82,2,0,0
BRDA:82,2,1,19
BRDA:98,3,0,19
BRDA:98,3,1,0
BRDA:101,4,0,19
BRDA:101,4,1,0
BRDA:106,5,0,19
BRDA:106,5,1,0
BRDA:111,6,0,0
BRDA:111,6,1,19
BRDA:116,7,0,19
BRDA:116,7,1,0
BRDA:156,8,0,0
BRDA:156,8,1,5
BRDA:175,9,0,0
BRDA:175,9,1,5
BRDA:184,10,0,5
BRDA:184,10,1,0
BRDA:193,11,0,5
BRDA:193,11,1,0
BRDA:202,12,0,0
BRDA:202,12,1,5
BRDA:213,13,0,5
BRDA:213,13,1,0
BRDA:213,13,2,0
BRDA:214,14,0,5
BRDA:214,14,1,0
BRDA:215,15,0,5
BRDA:215,15,1,0
BRDA:216,16,0,5
BRDA:216,16,1,0
BRDA:249,17,0,0
BRDA:249,17,1,4
BRDA:249,18,0,4
BRDA:249,18,1,4
BRDA:252,19,0,0
BRDA:252,19,1,4
BRDA:252,20,0,4
BRDA:252,20,1,0
BRDA:267,21,0,0
BRDA:267,21,1,4
BRDA:302,22,0,3
BRDA:304,23,0,4
BRDA:304,23,1,1
BRF:48
BRH:26
end_of_record
