TN:
SF:src/NativeBearoundReactSdk.ts
FNF:0
FNH:0
LF:0
LH:0
BRF:0
BRH:0
end_of_record
TN:
SF:src/index.tsx
FN:176,(anonymous_0)
FN:194,(anonymous_1)
FN:201,(anonymous_2)
FN:212,(anonymous_3)
FN:227,(anonymous_4)
FN:250,(anonymous_5)
FN:256,(anonymous_6)
FN:291,(anonymous_7)
FN:298,(anonymous_8)
FN:299,(anonymous_9)
FN:304,(anonymous_10)
FN:320,(anonymous_11)
FN:331,(anonymous_12)
FN:340,(anonymous_13)
FN:348,(anonymous_14)
FN:353,(anonymous_15)
FN:359,(anonymous_16)
FN:374,configure
FN:395,startScanning
FN:399,stopScanning
FN:403,isScanning
FN:407,setUserProperties
FN:411,clearUserProperties
FN:427,getSdkVersion
FN:432,getCurrentScanPrecision
FN:437,getBleDiagnosticInfo
FN:442,getPendingBatchCount
FN:447,isConfigured
FN:452,isLocationAvailable
FN:460,getAuthorizationStatus
FN:468,getBluetoothState
FN:502,getPersistedLog
FN:507,(anonymous_32)
FN:525,clearPersistedLog
FN:534,requestLocationAuthorization
FN:565,enableForegroundScanning
FN:572,disableForegroundScanning
FN:577,isForegroundScanningEnabled
FN:588,setForegroundNotificationContent
FN:594,addBeaconsListener
FN:597,(anonymous_40)
FN:602,addSyncLifecycleListener
FN:605,(anonymous_42)
FN:610,addBackgroundDetectionListener
FN:613,(anonymous_44)
FN:618,addScanningListener
FN:621,(anonymous_46)
FN:631,addErrorListener
FN:634,(anonymous_48)
FN:651,addBeaconRegionListener
FN:654,(anonymous_50)
FN:663,addActiveScanListener
FN:666,(anonymous_52)
FN:678,addBluetoothZoneListener
FN:681,(anonymous_54)
FN:692,addBluetoothScanModeListener
FN:695,(anonymous_56)
FN:705,addBluetoothStateListener
FN:708,(anonymous_58)
FNF:59
FNH:48
FNDA:4,(anonymous_0)
FNDA:59,(anonymous_1)
FNDA:197,(anonymous_2)
FNDA:21,(anonymous_3)
FNDA:21,(anonymous_4)
FNDA:22,(anonymous_5)
FNDA:21,(anonymous_6)
FNDA:21,(anonymous_7)
FNDA:2,(anonymous_8)
FNDA:2,(anonymous_9)
FNDA:21,(anonymous_10)
FNDA:3,(anonymous_11)
FNDA:2,(anonymous_12)
FNDA:0,(anonymous_13)
FNDA:0,(anonymous_14)
FNDA:3,(anonymous_15)
FNDA:3,(anonymous_16)
FNDA:7,configure
FNDA:2,startScanning
FNDA:2,stopScanning
FNDA:2,isScanning
FNDA:3,setUserProperties
FNDA:1,clearUserProperties
FNDA:1,getSdkVersion
FNDA:1,getCurrentScanPrecision
FNDA:0,getBleDiagnosticInfo
FNDA:0,getPendingBatchCount
FNDA:1,isConfigured
FNDA:1,isLocationAvailable
FNDA:1,getAuthorizationStatus
FNDA:2,getBluetoothState
FNDA:0,getPersistedLog
FNDA:0,(anonymous_32)
FNDA:0,clearPersistedLog
FNDA:0,requestLocationAuthorization
FNDA:2,enableForegroundScanning
FNDA:0,disableForegroundScanning
FNDA:1,isForegroundScanningEnabled
FNDA:1,setForegroundNotificationContent
FNDA:25,addBeaconsListener
FNDA:22,(anonymous_40)
FNDA:5,addSyncLifecycleListener
FNDA:3,(anonymous_42)
FNDA:4,addBackgroundDetectionListener
FNDA:2,(anonymous_44)
FNDA:6,addScanningListener
FNDA:4,(anonymous_46)
FNDA:6,addErrorListener
FNDA:4,(anonymous_48)
FNDA:1,addBeaconRegionListener
FNDA:0,(anonymous_50)
FNDA:1,addActiveScanListener
FNDA:0,(anonymous_52)
FNDA:4,addBluetoothZoneListener
FNDA:3,(anonymous_54)
FNDA:4,addBluetoothScanModeListener
FNDA:3,(anonymous_56)
FNDA:2,addBluetoothStateListener
FNDA:2,(anonymous_58)
DA:156,3
DA:157,3
DA:158,3
DA:159,3
DA:160,3
DA:161,3
DA:162,3
DA:163,3
DA:164,3
DA:165,3
DA:167,3
DA:176,3
DA:177,4
DA:182,4
DA:187,3
DA:189,3
DA:191,3
DA:192,3
DA:194,3
DA:195,59
DA:196,22
DA:198,37
DA:201,3
DA:202,197
DA:203,188
DA:205,9
DA:206,3
DA:207,3
DA:209,6
DA:212,3
DA:213,21
DA:215,1
DA:217,15
DA:219,4
DA:221,0
DA:223,1
DA:227,3
DA:228,21
DA:229,8
DA:231,13
DA:232,13
DA:250,3
DA:251,22
DA:252,22
DA:253,22
DA:254,2
DA:256,20
DA:257,21
DA:258,21
DA:285,3
DA:291,3
DA:294,21
DA:295,20
DA:297,1
DA:298,2
DA:300,2
DA:304,3
DA:305,21
DA:306,20
DA:308,1
DA:309,1
DA:320,3
DA:321,3
DA:322,3
DA:331,3
DA:334,2
DA:335,2
DA:340,3
DA:341,0
DA:342,0
DA:343,0
DA:348,3
DA:349,0
DA:350,0
DA:353,3
DA:354,3
DA:355,3
DA:356,3
DA:359,3
DA:362,3
DA:364,3
DA:365,3
DA:382,7
DA:384,7
DA:385,3
DA:388,4
DA:396,2
DA:400,2
DA:404,2
DA:408,3
DA:412,1
DA:428,1
DA:433,1
DA:438,0
DA:443,0
DA:448,1
DA:453,1
DA:461,1
DA:469,2
DA:503,0
DA:504,0
DA:505,0
DA:506,0
DA:507,0
DA:520,0
DA:526,0
DA:537,0
DA:568,2
DA:573,0
DA:578,1
DA:591,1
DA:597,25
DA:598,22
DA:605,5
DA:606,3
DA:613,4
DA:614,2
DA:621,6
DA:622,4
DA:623,2
DA:624,2
DA:626,2
DA:627,2
DA:634,6
DA:635,4
DA:636,1
DA:637,1
DA:639,3
DA:640,3
DA:654,1
DA:655,0
DA:666,1
DA:667,0
DA:681,4
DA:682,3
DA:695,4
DA:696,3
DA:708,2
DA:709,2
LF:139
LH:120
BRDA:178,0,0,4
BRDA:178,0,1,0
BRDA:178,1,0,2
BRDA:178,1,1,2
BRDA:178,2,0,4
BRDA:178,2,1,4
BRDA:178,2,2,2
BRDA:182,3,0,2
BRDA:182,3,1,2
BRDA:189,4,0,3
BRDA:189,4,1,0
BRDA:191,5,0,3
BRDA:191,5,1,3
BRDA:195,6,0,22
BRDA:195,6,1,37
BRDA:195,7,0,59
BRDA:195,7,1,57
BRDA:195,7,2,56
BRDA:201,8,0,197
BRDA:202,9,0,188
BRDA:202,9,1,9
BRDA:202,10,0,197
BRDA:202,10,1,190
BRDA:205,11,0,3
BRDA:205,11,1,6
BRDA:207,12,0,2
BRDA:207,12,1,1
BRDA:213,13,0,1
BRDA:213,13,1,15
BRDA:213,13,2,4
BRDA:213,13,3,0
BRDA:213,13,4,1
BRDA:213,14,0,21
BRDA:213,14,1,0
BRDA:228,15,0,8
BRDA:228,15,1,13
BRDA:228,16,0,21
BRDA:228,16,1,14
BRDA:228,16,2,14
BRDA:233,17,0,13
BRDA:233,17,1,0
BRDA:238,18,0,1
BRDA:238,18,1,12
BRDA:240,19,0,1
BRDA:240,19,1,12
BRDA:244,20,0,1
BRDA:244,20,1,12
BRDA:252,21,0,19
BRDA:252,21,1,3
BRDA:253,22,0,2
BRDA:253,22,1,20
BRDA:259,23,0,21
BRDA:259,23,1,0
BRDA:268,24,0,6
BRDA:268,24,1,15
BRDA:270,25,0,20
BRDA:270,25,1,1
BRDA:274,26,0,21
BRDA:274,26,1,0
BRDA:277,27,0,20
BRDA:277,27,1,1
BRDA:280,28,0,20
BRDA:280,28,1,1
BRDA:294,29,0,20
BRDA:294,29,1,1
BRDA:305,30,0,20
BRDA:305,30,1,1
BRDA:305,31,0,21
BRDA:305,31,1,1
BRDA:305,31,2,1
BRDA:326,32,0,1
BRDA:326,32,1,2
BRDA:327,33,0,2
BRDA:327,33,1,1
BRDA:342,34,0,0
BRDA:342,34,1,0
BRDA:344,35,0,0
BRDA:344,35,1,0
BRDA:355,36,0,3
BRDA:355,36,1,1
BRDA:356,37,0,1
BRDA:356,37,1,2
BRDA:364,38,0,1
BRDA:364,38,1,2
BRDA:364,39,0,3
BRDA:364,39,1,0
BRDA:368,40,0,2
BRDA:368,40,1,1
BRDA:380,41,0,5
BRDA:381,42,0,6
BRDA:384,43,0,3
BRDA:384,43,1,4
BRDA:384,44,0,7
BRDA:384,44,1,5
BRDA:506,45,0,0
BRDA:506,45,1,0
BRDA:508,46,0,0
BRDA:508,46,1,0
BRDA:511,47,0,0
BRDA:511,47,1,0
BRDA:511,48,0,0
BRDA:511,48,1,0
BRDA:511,48,2,0
BRDA:516,49,0,0
BRDA:516,49,1,0
BRDA:517,50,0,0
BRDA:517,50,1,0
BRDA:535,51,0,0
BRDA:566,52,0,1
BRDA:622,53,0,2
BRDA:622,53,1,2
BRDA:635,54,0,1
BRDA:635,54,1,3
BRDA:640,55,0,3
BRDA:640,55,1,2
BRF:115
BRH:89
end_of_record
TN:
SF:src/permissions.ts
FN:55,(anonymous_0)
FN:81,checkPermissions
FN:156,requestForegroundPermissions
FN:168,(anonymous_3)
FN:258,requestBackgroundLocation
FN:316,ensurePermissions
FNF:6
FNH:6
FNDA:113,(anonymous_0)
FNDA:31,checkPermissions
FNDA:12,requestForegroundPermissions
FNDA:23,(anonymous_3)
FNDA:11,requestBackgroundLocation
FNDA:6,ensurePermissions
DA:47,26
DA:48,26
DA:55,26
DA:56,113
DA:82,31
DA:83,5
DA:84,5
DA:93,26
DA:96,26
DA:99,26
DA:102,26
DA:107,26
DA:112,26
DA:117,26
DA:121,26
DA:157,12
DA:158,4
DA:159,4
DA:168,8
DA:169,23
DA:175,23
DA:178,8
DA:184,8
DA:185,8
DA:186,1
DA:194,8
DA:203,8
DA:212,8
DA:220,8
DA:221,8
DA:259,11
DA:260,2
DA:263,9
DA:265,8
DA:266,8
DA:267,1
DA:270,7
DA:281,7
DA:282,1
DA:285,7
DA:317,6
DA:318,6
DA:319,3
DA:321,6
LF:44
LH:44
BRDA:48,0,0,16
BRDA:48,0,1,10
BRDA:56,1,0,113
BRDA:56,1,1,0
BRDA:82,2,0,5
BRDA:82,2,1,26
BRDA:99,3,0,26
BRDA:99,3,1,3
BRDA:102,4,0,18
BRDA:102,4,1,8
BRDA:107,5,0,18
BRDA:107,5,1,8
BRDA:112,6,0,0
BRDA:112,6,1,26
BRDA:117,7,0,25
BRDA:117,7,1,1
BRDA:157,8,0,4
BRDA:157,8,1,8
BRDA:185,9,0,1
BRDA:185,9,1,7
BRDA:194,10,0,7
BRDA:194,10,1,1
BRDA:203,11,0,7
BRDA:203,11,1,1
BRDA:212,12,0,0
BRDA:212,12,1,8
BRDA:223,13,0,8
BRDA:223,13,1,0
BRDA:223,13,2,0
BRDA:224,14,0,8
BRDA:224,14,1,0
BRDA:225,15,0,8
BRDA:225,15,1,0
BRDA:226,16,0,8
BRDA:226,16,1,0
BRDA:259,17,0,2
BRDA:259,17,1,9
BRDA:263,18,0,1
BRDA:263,18,1,8
BRDA:266,19,0,1
BRDA:266,19,1,7
BRDA:266,20,0,8
BRDA:266,20,1,1
BRDA:281,21,0,1
BRDA:281,21,1,6
BRDA:316,22,0,5
BRDA:318,23,0,3
BRDA:318,23,1,3
BRDA:318,24,0,6
BRDA:318,24,1,5
BRF:50
BRH:42
end_of_record
